Collecting poetry==2.1.3
  Downloading poetry-2.1.3-py3-none-any.whl.metadata (7.1 kB)
Collecting build<2.0.0,>=1.2.1 (from poetry==2.1.3)
  Downloading build-1.2.2.post1-py3-none-any.whl.metadata (6.5 kB)
Collecting cachecontrol<0.15.0,>=0.14.0 (from cachecontrol[filecache]<0.15.0,>=0.14.0->poetry==2.1.3)
  Downloading cachecontrol-0.14.3-py3-none-any.whl.metadata (3.1 kB)
Collecting cleo<3.0.0,>=2.1.0 (from poetry==2.1.3)
  Downloading cleo-2.1.0-py3-none-any.whl.metadata (12 kB)
Collecting dulwich<0.23.0,>=0.22.6 (from poetry==2.1.3)
  Downloading dulwich-0.22.8-cp312-cp312-manylinux_2_17_x86_64.manylinux2014_x86_64.whl.metadata (4.9 kB)
Collecting fastjsonschema<3.0.0,>=2.18.0 (from poetry==2.1.3)
  Downloading fastjsonschema-2.21.1-py3-none-any.whl.metadata (2.2 kB)
Collecting findpython<0.7.0,>=0.6.2 (from poetry==2.1.3)
  Downloading findpython-0.6.3-py3-none-any.whl.metadata (5.3 kB)
Collecting installer<0.8.0,>=0.7.0 (from poetry==2.1.3)
  Downloading installer-0.7.0-py3-none-any.whl.metadata (936 bytes)
Collecting keyring<26.0.0,>=25.1.0 (from poetry==2.1.3)
  Downloading keyring-25.6.0-py3-none-any.whl.metadata (20 kB)
Collecting packaging>=24.0 (from poetry==2.1.3)
  Downloading packaging-25.0-py3-none-any.whl.metadata (3.3 kB)
Collecting pbs-installer<2026.0.0,>=2025.1.6 (from pbs-installer[download,install]<2026.0.0,>=2025.1.6->poetry==2.1.3)
  Downloading pbs_installer-2025.5.29-py3-none-any.whl.metadata (991 bytes)
Collecting pkginfo<2.0,>=1.12 (from poetry==2.1.3)
  Downloading pkginfo-1.12.1.2-py3-none-any.whl.metadata (13 kB)
Collecting platformdirs<5,>=3.0.0 (from poetry==2.1.3)
  Downloading platformdirs-4.3.8-py3-none-any.whl.metadata (12 kB)
Collecting poetry-core==2.1.3 (from poetry==2.1.3)
  Downloading poetry_core-2.1.3-py3-none-any.whl.metadata (3.5 kB)
Collecting pyproject-hooks<2.0.0,>=1.0.0 (from poetry==2.1.3)
  Downloading pyproject_hooks-1.2.0-py3-none-any.whl.metadata (1.3 kB)
Collecting requests<3.0,>=2.26 (from poetry==2.1.3)
  Using cached requests-2.32.3-py3-none-any.whl.metadata (4.6 kB)
Collecting requests-toolbelt<2.0.0,>=1.0.0 (from poetry==2.1.3)
  Downloading requests_toolbelt-1.0.0-py2.py3-none-any.whl.metadata (14 kB)
Collecting shellingham<2.0,>=1.5 (from poetry==2.1.3)
  Downloading shellingham-1.5.4-py2.py3-none-any.whl.metadata (3.5 kB)
Collecting tomlkit<1.0.0,>=0.11.4 (from poetry==2.1.3)
  Downloading tomlkit-0.13.2-py3-none-any.whl.metadata (2.7 kB)
Collecting trove-classifiers>=2022.5.19 (from poetry==2.1.3)
  Downloading trove_classifiers-2025.5.9.12-py3-none-any.whl.metadata (2.3 kB)
Collecting virtualenv<21.0.0,>=20.26.6 (from poetry==2.1.3)
  Downloading virtualenv-20.31.2-py3-none-any.whl.metadata (4.5 kB)
Collecting msgpack<2.0.0,>=0.5.2 (from cachecontrol<0.15.0,>=0.14.0->cachecontrol[filecache]<0.15.0,>=0.14.0->poetry==2.1.3)
  Downloading msgpack-1.1.0-cp312-cp312-manylinux_2_17_x86_64.manylinux2014_x86_64.whl.metadata (8.4 kB)
Collecting filelock>=3.8.0 (from cachecontrol[filecache]<0.15.0,>=0.14.0->poetry==2.1.3)
  Downloading filelock-3.18.0-py3-none-any.whl.metadata (2.9 kB)
Collecting crashtest<0.5.0,>=0.4.1 (from cleo<3.0.0,>=2.1.0->poetry==2.1.3)
  Downloading crashtest-0.4.1-py3-none-any.whl.metadata (1.1 kB)
Collecting rapidfuzz<4.0.0,>=3.0.0 (from cleo<3.0.0,>=2.1.0->poetry==2.1.3)
  Downloading rapidfuzz-3.13.0-cp312-cp312-manylinux_2_17_x86_64.manylinux2014_x86_64.whl.metadata (12 kB)
Collecting urllib3>=1.25 (from dulwich<0.23.0,>=0.22.6->poetry==2.1.3)
  Downloading urllib3-2.4.0-py3-none-any.whl.metadata (6.5 kB)
Collecting SecretStorage>=3.2 (from keyring<26.0.0,>=25.1.0->poetry==2.1.3)
  Downloading SecretStorage-3.3.3-py3-none-any.whl.metadata (4.0 kB)
Collecting jeepney>=0.4.2 (from keyring<26.0.0,>=25.1.0->poetry==2.1.3)
  Downloading jeepney-0.9.0-py3-none-any.whl.metadata (1.2 kB)
Collecting jaraco.classes (from keyring<26.0.0,>=25.1.0->poetry==2.1.3)
  Downloading jaraco.classes-3.4.0-py3-none-any.whl.metadata (2.6 kB)
Collecting jaraco.functools (from keyring<26.0.0,>=25.1.0->poetry==2.1.3)
  Downloading jaraco.functools-4.1.0-py3-none-any.whl.metadata (2.9 kB)
Collecting jaraco.context (from keyring<26.0.0,>=25.1.0->poetry==2.1.3)
  Downloading jaraco.context-6.0.1-py3-none-any.whl.metadata (4.1 kB)
Collecting httpx<1,>=0.27.0 (from pbs-installer[download,install]<2026.0.0,>=2025.1.6->poetry==2.1.3)
  Downloading httpx-0.28.1-py3-none-any.whl.metadata (7.1 kB)
Collecting zstandard>=0.21.0 (from pbs-installer[download,install]<2026.0.0,>=2025.1.6->poetry==2.1.3)
  Downloading zstandard-0.23.0-cp312-cp312-manylinux_2_17_x86_64.manylinux2014_x86_64.whl.metadata (3.0 kB)
Collecting anyio (from httpx<1,>=0.27.0->pbs-installer[download,install]<2026.0.0,>=2025.1.6->poetry==2.1.3)
  Downloading anyio-4.9.0-py3-none-any.whl.metadata (4.7 kB)
Collecting certifi (from httpx<1,>=0.27.0->pbs-installer[download,install]<2026.0.0,>=2025.1.6->poetry==2.1.3)
  Downloading certifi-2025.4.26-py3-none-any.whl.metadata (2.5 kB)
Collecting httpcore==1.* (from httpx<1,>=0.27.0->pbs-installer[download,install]<2026.0.0,>=2025.1.6->poetry==2.1.3)
  Downloading httpcore-1.0.9-py3-none-any.whl.metadata (21 kB)
Collecting idna (from httpx<1,>=0.27.0->pbs-installer[download,install]<2026.0.0,>=2025.1.6->poetry==2.1.3)
  Using cached idna-3.10-py3-none-any.whl.metadata (10 kB)
Collecting h11>=0.16 (from httpcore==1.*->httpx<1,>=0.27.0->pbs-installer[download,install]<2026.0.0,>=2025.1.6->poetry==2.1.3)
  Downloading h11-0.16.0-py3-none-any.whl.metadata (8.3 kB)
Collecting charset-normalizer<4,>=2 (from requests<3.0,>=2.26->poetry==2.1.3)
  Downloading charset_normalizer-3.4.2-cp312-cp312-manylinux_2_17_x86_64.manylinux2014_x86_64.whl.metadata (35 kB)
Collecting distlib<1,>=0.3.7 (from virtualenv<21.0.0,>=20.26.6->poetry==2.1.3)
  Downloading distlib-0.3.9-py2.py3-none-any.whl.metadata (5.2 kB)
ERROR: Exception:
Traceback (most recent call last):
  File "/home/mateusz/.local/share/pypoetry/venv/lib/python3.12/site-packages/pip/_internal/cli/base_command.py", line 105, in _run_wrapper
    status = _inner_run()
             ^^^^^^^^^^^^
  File "/home/mateusz/.local/share/pypoetry/venv/lib/python3.12/site-packages/pip/_internal/cli/base_command.py", line 96, in _inner_run
    return self.run(options, args)
           ^^^^^^^^^^^^^^^^^^^^^^^
  File "/home/mateusz/.local/share/pypoetry/venv/lib/python3.12/site-packages/pip/_internal/cli/req_command.py", line 68, in wrapper
    return func(self, options, args)
           ^^^^^^^^^^^^^^^^^^^^^^^^^
  File "/home/mateusz/.local/share/pypoetry/venv/lib/python3.12/site-packages/pip/_internal/commands/install.py", line 387, in run
    requirement_set = resolver.resolve(
                      ^^^^^^^^^^^^^^^^^
  File "/home/mateusz/.local/share/pypoetry/venv/lib/python3.12/site-packages/pip/_internal/resolution/resolvelib/resolver.py", line 96, in resolve
    result = self._result = resolver.resolve(
                            ^^^^^^^^^^^^^^^^^
  File "/home/mateusz/.local/share/pypoetry/venv/lib/python3.12/site-packages/pip/_vendor/resolvelib/resolvers/resolution.py", line 515, in resolve
    state = resolution.resolve(requirements, max_rounds=max_rounds)
            ^^^^^^^^^^^^^^^^^^^^^^^^^^^^^^^^^^^^^^^^^^^^^^^^^^^^^^^
  File "/home/mateusz/.local/share/pypoetry/venv/lib/python3.12/site-packages/pip/_vendor/resolvelib/resolvers/resolution.py", line 444, in resolve
    failure_criterion = self._attempt_to_pin_criterion(name)
                        ^^^^^^^^^^^^^^^^^^^^^^^^^^^^^^^^^^^^
  File "/home/mateusz/.local/share/pypoetry/venv/lib/python3.12/site-packages/pip/_vendor/resolvelib/resolvers/resolution.py", line 211, in _attempt_to_pin_criterion
    criteria = self._get_updated_criteria(candidate)
               ^^^^^^^^^^^^^^^^^^^^^^^^^^^^^^^^^^^^^
  File "/home/mateusz/.local/share/pypoetry/venv/lib/python3.12/site-packages/pip/_vendor/resolvelib/resolvers/resolution.py", line 202, in _get_updated_criteria
    self._add_to_criteria(criteria, requirement, parent=candidate)
  File "/home/mateusz/.local/share/pypoetry/venv/lib/python3.12/site-packages/pip/_vendor/resolvelib/resolvers/resolution.py", line 141, in _add_to_criteria
    if not criterion.candidates:
           ^^^^^^^^^^^^^^^^^^^^
  File "/home/mateusz/.local/share/pypoetry/venv/lib/python3.12/site-packages/pip/_vendor/resolvelib/structs.py", line 194, in __bool__
    return bool(self._sequence)
           ^^^^^^^^^^^^^^^^^^^^
  File "/home/mateusz/.local/share/pypoetry/venv/lib/python3.12/site-packages/pip/_internal/resolution/resolvelib/found_candidates.py", line 163, in __bool__
    self._bool = any(self)
                 ^^^^^^^^^
  File "/home/mateusz/.local/share/pypoetry/venv/lib/python3.12/site-packages/pip/_internal/resolution/resolvelib/found_candidates.py", line 147, in <genexpr>
    return (c for c in iterator if id(c) not in self._incompatible_ids)
           ^^^^^^^^^^^^^^^^^^^^^^^^^^^^^^^^^^^^^^^^^^^^^^^^^^^^^^^^^^^^
  File "/home/mateusz/.local/share/pypoetry/venv/lib/python3.12/site-packages/pip/_internal/resolution/resolvelib/found_candidates.py", line 33, in _iter_built
    for version, func in infos:
  File "/home/mateusz/.local/share/pypoetry/venv/lib/python3.12/site-packages/pip/_internal/resolution/resolvelib/factory.py", line 307, in iter_index_candidate_infos
    result = self._finder.find_best_candidate(
             ^^^^^^^^^^^^^^^^^^^^^^^^^^^^^^^^^
  File "/home/mateusz/.local/share/pypoetry/venv/lib/python3.12/site-packages/pip/_internal/index/package_finder.py", line 906, in find_best_candidate
    candidates = self.find_all_candidates(project_name)
                 ^^^^^^^^^^^^^^^^^^^^^^^^^^^^^^^^^^^^^^
  File "/home/mateusz/.local/share/pypoetry/venv/lib/python3.12/site-packages/pip/_internal/index/package_finder.py", line 843, in find_all_candidates
    page_candidates = list(page_candidates_it)
                      ^^^^^^^^^^^^^^^^^^^^^^^^
  File "/home/mateusz/.local/share/pypoetry/venv/lib/python3.12/site-packages/pip/_internal/index/sources.py", line 193, in page_candidates
    yield from self._candidates_from_page(self._link)
               ^^^^^^^^^^^^^^^^^^^^^^^^^^^^^^^^^^^^^^
  File "/home/mateusz/.local/share/pypoetry/venv/lib/python3.12/site-packages/pip/_internal/index/package_finder.py", line 805, in process_project_url
    page_links = list(parse_links(index_response))
                      ^^^^^^^^^^^^^^^^^^^^^^^^^^^
  File "/home/mateusz/.local/share/pypoetry/venv/lib/python3.12/site-packages/pip/_internal/index/collector.py", line 218, in wrapper_wrapper
    return list(fn(page))
           ^^^^^^^^^^^^^^
  File "/home/mateusz/.local/share/pypoetry/venv/lib/python3.12/site-packages/pip/_internal/index/collector.py", line 231, in parse_links
    data = json.loads(page.content)
           ^^^^^^^^^^^^^^^^^^^^^^^^
  File "/usr/lib/python3.12/json/__init__.py", line 346, in loads
    return _default_decoder.decode(s)
           ^^^^^^^^^^^^^^^^^^^^^^^^^^
  File "/usr/lib/python3.12/json/decoder.py", line 337, in decode
    obj, end = self.raw_decode(s, idx=_w(s, 0).end())
               ^^^^^^^^^^^^^^^^^^^^^^^^^^^^^^^^^^^^^^
  File "/usr/lib/python3.12/json/decoder.py", line 353, in raw_decode
    obj, end = self.scan_once(s, idx)
               ^^^^^^^^^^^^^^^^^^^^^^
json.decoder.JSONDecodeError: Unterminated string starting at: line 1 column 1492384 (char 1492383)

Traceback:

  File "<stdin>", line 937, in main
  File "<stdin>", line 574, in run
  File "<stdin>", line 596, in install
  File "<stdin>", line 699, in install_poetry
  File "<stdin>", line 389, in pip
  File "<stdin>", line 386, in python
  File "<stdin>", line 379, in run
